<?xml version="1.0" encoding="UTF-8"?>
<!-- Generated by org.testng.reporters.JUnitReportReporter -->
<testsuite hostname="reddy" failures="0" tests="1" name="myproject2.logintest2" time="1.811" errors="0" timestamp="2022-05-16T16:33:00 IST" skipped="0">
  <testcase classname="myproject2.logintest2" name="logintest" time="1.811"/>
  <system-out/>
</testsuite> <!-- myproject2.logintest2 -->
